<?xml version="1.0" encoding="UTF-8"?>
<testsuite xmlns:xsi="http://www.w3.org/2001/XMLSchema-instance" xsi:noNamespaceSchemaLocation="https://maven.apache.org/surefire/maven-surefire-plugin/xsd/surefire-test-report-3.0.xsd" version="3.0" name="com.santiagolevi.audit.AuditRepositoryTest" time="2.651" tests="7" errors="0" skipped="0" failures="0">
  <properties>
[...]
</properties>
  <testcase name="findByEventType_filtersCorrectly" classname="com.santiagolevi.audit.AuditRepositoryTest" time="0.433">
    <system-out><![CDATA[21:14:03.376 [main] INFO org.springframework.test.context.support.AnnotationConfigContextLoaderUtils -- Could not detect default configuration classes for test class [com.santiagolevi.audit.AuditRepositoryTest]: AuditRepositoryTest does not declare any static, non-private, non-final, nested classes annotated with @Configuration.
21:14:03.447 [main] INFO org.springframework.boot.test.context.SpringBootTestContextBootstrapper -- Found @SpringBootConfiguration com.santiagolevi.audit.AuditServiceApplication for test class com.santiagolevi.audit.AuditRepositoryTest
  .   ____          _            __ _ _
 /\\ / ___'_ __ _ _(_)_ __  __ _ \ \ \ \
( ( )\___ | '_ | '_| | '_ \/ _` | \ \ \ \
 \\/  ___)| |_)| | | | | || (_| |  ) ) ) )
  '  |____| .__|_| |_|_| |_\__, | / / / /
 =========|_|==============|___/=/_/_/_/

 :: Spring Boot ::                (v3.3.0)

2026-04-28T21:14:03.705-03:00  INFO 47687 --- [audit-service] [           main] c.s.audit.AuditRepositoryTest            : Starting AuditRepositoryTest using Java 21.0.11 with PID 47687 (started by levi in /home/levi/claude/enterprise-transaction-api/audit-service)
2026-04-28T21:14:03.706-03:00  INFO 47687 --- [audit-service] [           main] c.s.audit.AuditRepositoryTest            : The following 1 profile is active: "test"
2026-04-28T21:14:03.914-03:00  INFO 47687 --- [audit-service] [           main] .s.d.r.c.RepositoryConfigurationDelegate : Bootstrapping Spring Data JPA repositories in DEFAULT mode.
2026-04-28T21:14:03.946-03:00  INFO 47687 --- [audit-service] [           main] .s.d.r.c.RepositoryConfigurationDelegate : Finished Spring Data repository scanning in 26 ms. Found 1 JPA repository interface.
2026-04-28T21:14:03.974-03:00  INFO 47687 --- [audit-service] [           main] beddedDataSourceBeanFactoryPostProcessor : Replacing 'dataSource' DataSource bean with embedded version
2026-04-28T21:14:04.059-03:00  INFO 47687 --- [audit-service] [           main] o.s.j.d.e.EmbeddedDatabaseFactory        : Starting embedded database: url='jdbc:h2:mem:cb4d8d62-901c-459d-89ac-e09e61a4fdd0;DB_CLOSE_DELAY=-1;DB_CLOSE_ON_EXIT=false', username='sa'
2026-04-28T21:14:04.214-03:00  INFO 47687 --- [audit-service] [           main] o.hibernate.jpa.internal.util.LogHelper  : HHH000204: Processing PersistenceUnitInfo [name: default]
2026-04-28T21:14:04.252-03:00  INFO 47687 --- [audit-service] [           main] org.hibernate.Version                    : HHH000412: Hibernate ORM core version 6.5.2.Final
2026-04-28T21:14:04.278-03:00  INFO 47687 --- [audit-service] [           main] o.h.c.internal.RegionFactoryInitiator    : HHH000026: Second-level cache disabled
2026-04-28T21:14:04.444-03:00  INFO 47687 --- [audit-service] [           main] o.s.o.j.p.SpringPersistenceUnitInfo      : No LoadTimeWeaver setup: ignoring JPA class transformer
2026-04-28T21:14:04.470-03:00  WARN 47687 --- [audit-service] [           main] org.hibernate.dialect.Dialect            : HHH000511: The 2.2.224 version for [org.hibernate.dialect.PostgreSQLDialect] is no longer supported, hence certain features may not work properly. The minimum supported version is 12.0.0. Check the community dialects project for available legacy versions.
2026-04-28T21:14:04.473-03:00  WARN 47687 --- [audit-service] [           main] org.hibernate.orm.deprecation            : HHH90000025: PostgreSQLDialect does not need to be specified explicitly using 'hibernate.dialect' (remove the property setting and it will be selected by default)
2026-04-28T21:14:04.917-03:00  INFO 47687 --- [audit-service] [           main] o.h.e.t.j.p.i.JtaPlatformInitiator       : HHH000489: No JTA platform available (set 'hibernate.transaction.jta.platform' to enable JTA platform integration)
Hibernate: drop table if exists audit_entries cascade
Hibernate: drop sequence if exists audit_entries_id_seq
Hibernate: create sequence audit_entries_id_seq start with 1 increment by 50
Hibernate: create table audit_entries (id bigint not null, timestamp timestamp(6) with time zone not null, entity_type varchar(100) not null, event_type varchar(100) not null, source_service varchar(100), actor varchar(255) not null, entity_id varchar(255) not null, payload text, primary key (id))
2026-04-28T21:14:04.937-03:00  INFO 47687 --- [audit-service] [           main] j.LocalContainerEntityManagerFactoryBean : Initialized JPA EntityManagerFactory for persistence unit 'default'
2026-04-28T21:14:05.091-03:00  INFO 47687 --- [audit-service] [           main] o.s.d.j.r.query.QueryEnhancerFactory     : Hibernate is in classpath; If applicable, HQL parser will be used.
2026-04-28T21:14:05.429-03:00  INFO 47687 --- [audit-service] [           main] c.s.audit.AuditRepositoryTest            : Started AuditRepositoryTest in 1.947 seconds (process running for 2.49)
Hibernate: select nextval('audit_entries_id_seq')
Hibernate: select nextval('audit_entries_id_seq')
Hibernate: insert into audit_entries (actor,entity_id,entity_type,event_type,payload,source_service,timestamp,id) values (?,?,?,?,?,?,?,?)
Hibernate: insert into audit_entries (actor,entity_id,entity_type,event_type,payload,source_service,timestamp,id) values (?,?,?,?,?,?,?,?)
Hibernate: insert into audit_entries (actor,entity_id,entity_type,event_type,payload,source_service,timestamp,id) values (?,?,?,?,?,?,?,?)
Hibernate: select ae1_0.id,ae1_0.actor,ae1_0.entity_id,ae1_0.entity_type,ae1_0.event_type,ae1_0.payload,ae1_0.source_service,ae1_0.timestamp from audit_entries ae1_0 where ae1_0.event_type=? order by ae1_0.timestamp desc offset ? rows fetch first ? rows only
]]></system-out>
    <system-err><![CDATA[WARNING: A Java agent has been loaded dynamically (/home/levi/.m2/repository/net/bytebuddy/byte-buddy-agent/1.14.16/byte-buddy-agent-1.14.16.jar)
WARNING: If a serviceability tool is in use, please run with -XX:+EnableDynamicAgentLoading to hide this warning
WARNING: If a serviceability tool is not in use, please run with -Djdk.instrument.traceUsage for more information
WARNING: Dynamic loading of agents will be disallowed by default in a future release
]]></system-err>
  </testcase>
  <testcase name="save_persistsEntry" classname="com.santiagolevi.audit.AuditRepositoryTest" time="0.005"/>
  <testcase name="findByActor_returnsMatchingEntries" classname="com.santiagolevi.audit.AuditRepositoryTest" time="0.011">
    <system-out><![CDATA[Hibernate: insert into audit_entries (actor,entity_id,entity_type,event_type,payload,source_service,timestamp,id) values (?,?,?,?,?,?,?,?)
Hibernate: insert into audit_entries (actor,entity_id,entity_type,event_type,payload,source_service,timestamp,id) values (?,?,?,?,?,?,?,?)
Hibernate: insert into audit_entries (actor,entity_id,entity_type,event_type,payload,source_service,timestamp,id) values (?,?,?,?,?,?,?,?)
Hibernate: select ae1_0.id,ae1_0.actor,ae1_0.entity_id,ae1_0.entity_type,ae1_0.event_type,ae1_0.payload,ae1_0.source_service,ae1_0.timestamp from audit_entries ae1_0 where ae1_0.actor=? order by ae1_0.timestamp desc offset ? rows fetch first ? rows only
]]></system-out>
  </testcase>
  <testcase name="savedEntry_cannotBeModified" classname="com.santiagolevi.audit.AuditRepositoryTest" time="0.002"/>
  <testcase name="findByEntityTypeAndEntityId_returnsMatchingEntries" classname="com.santiagolevi.audit.AuditRepositoryTest" time="0.007">
    <system-out><![CDATA[Hibernate: insert into audit_entries (actor,entity_id,entity_type,event_type,payload,source_service,timestamp,id) values (?,?,?,?,?,?,?,?)
Hibernate: insert into audit_entries (actor,entity_id,entity_type,event_type,payload,source_service,timestamp,id) values (?,?,?,?,?,?,?,?)
Hibernate: insert into audit_entries (actor,entity_id,entity_type,event_type,payload,source_service,timestamp,id) values (?,?,?,?,?,?,?,?)
Hibernate: select ae1_0.id,ae1_0.actor,ae1_0.entity_id,ae1_0.entity_type,ae1_0.event_type,ae1_0.payload,ae1_0.source_service,ae1_0.timestamp from audit_entries ae1_0 where ae1_0.entity_type=? and ae1_0.entity_id=? order by ae1_0.timestamp desc offset ? rows fetch first ? rows only
]]></system-out>
  </testcase>
  <testcase name="search_withNullFilters_returnsAll" classname="com.santiagolevi.audit.AuditRepositoryTest" time="0.01">
    <system-out><![CDATA[Hibernate: insert into audit_entries (actor,entity_id,entity_type,event_type,payload,source_service,timestamp,id) values (?,?,?,?,?,?,?,?)
Hibernate: insert into audit_entries (actor,entity_id,entity_type,event_type,payload,source_service,timestamp,id) values (?,?,?,?,?,?,?,?)
Hibernate: select ae1_0.id,ae1_0.actor,ae1_0.entity_id,ae1_0.entity_type,ae1_0.event_type,ae1_0.payload,ae1_0.source_service,ae1_0.timestamp from audit_entries ae1_0 where (? is null or ae1_0.event_type=?) and (? is null or ae1_0.entity_type=?) and (? is null or ae1_0.actor=?) order by ae1_0.timestamp desc offset ? rows fetch first ? rows only
]]></system-out>
  </testcase>
  <testcase name="countByEntityTypeAndEntityId_returnsCorrectCount" classname="com.santiagolevi.audit.AuditRepositoryTest" time="0.011">
    <system-out><![CDATA[Hibernate: insert into audit_entries (actor,entity_id,entity_type,event_type,payload,source_service,timestamp,id) values (?,?,?,?,?,?,?,?)
Hibernate: insert into audit_entries (actor,entity_id,entity_type,event_type,payload,source_service,timestamp,id) values (?,?,?,?,?,?,?,?)
Hibernate: insert into audit_entries (actor,entity_id,entity_type,event_type,payload,source_service,timestamp,id) values (?,?,?,?,?,?,?,?)
Hibernate: select count(ae1_0.id) from audit_entries ae1_0 where ae1_0.entity_type=? and ae1_0.entity_id=?
]]></system-out>
  </testcase>
</testsuite>